Flow report for skeleton
Mon Dec 02 02:26:39 2019
Quartus Prime Version 16.0.0 Build 211 04/27/2016 SJ Lite Edition


---------------------
; Table of Contents ;
---------------------
  1. Legal Notice
  2. Flow Summary
  3. Flow Settings
  4. Flow Non-Default Global Settings
  5. Flow Elapsed Time
  6. Flow OS Summary
  7. Flow Log
  8. Flow Messages
  9. Flow Suppressed Messages



----------------
; Legal Notice ;
----------------
Copyright (C) 1991-2016 Altera Corporation. All rights reserved.
Your use of Altera Corporation's design tools, logic functions 
and other software and tools, and its AMPP partner logic 
functions, and any output files from any of the foregoing 
(including device programming or simulation files), and any 
associated documentation or information are expressly subject 
to the terms and conditions of the Altera Program License 
Subscription Agreement, the Altera Quartus Prime License Agreement,
the Altera MegaCore Function License Agreement, or other 
applicable license agreement, including, without limitation, 
that your use is for the sole purpose of programming logic 
devices manufactured by Altera and sold by Altera or its 
authorized distributors.  Please refer to the applicable 
agreement for further details.



+----------------------------------------------------------------------------------+
; Flow Summary                                                                     ;
+------------------------------------+---------------------------------------------+
; Flow Status                        ; Successful - Mon Dec 02 02:26:19 2019       ;
; Quartus Prime Version              ; 16.0.0 Build 211 04/27/2016 SJ Lite Edition ;
; Revision Name                      ; skeleton                                    ;
; Top-level Entity Name              ; Tetris                                      ;
; Family                             ; Cyclone IV E                                ;
; Device                             ; EP4CE115F29C7                               ;
; Timing Models                      ; Final                                       ;
; Total logic elements               ; 13,840 / 114,480 ( 12 % )                   ;
;     Total combinational functions  ; 13,790 / 114,480 ( 12 % )                   ;
;     Dedicated logic registers      ; 1,401 / 114,480 ( 1 % )                     ;
; Total registers                    ; 1401                                        ;
; Total pins                         ; 33 / 529 ( 6 % )                            ;
; Total virtual pins                 ; 0                                           ;
; Total memory bits                  ; 2,726,368 / 3,981,312 ( 68 % )              ;
; Embedded Multiplier 9-bit elements ; 0 / 532 ( 0 % )                             ;
; Total PLLs                         ; 2 / 4 ( 50 % )                              ;
+------------------------------------+---------------------------------------------+


+-----------------------------------------+
; Flow Settings                           ;
+-------------------+---------------------+
; Option            ; Setting             ;
+-------------------+---------------------+
; Start date & time ; 12/02/2019 02:13:02 ;
; Main task         ; Compilation         ;
; Revision Name     ; skeleton            ;
+-------------------+---------------------+


+------------------------------------------------------------------------------------------------------------------------+
; Flow Non-Default Global Settings                                                                                       ;
+-------------------------------------+---------------------------------------+---------------+-------------+------------+
; Assignment Name                     ; Value                                 ; Default Value ; Entity Name ; Section Id ;
+-------------------------------------+---------------------------------------+---------------+-------------+------------+
; COMPILER_SIGNATURE_ID               ; 121373028489.157522398204880          ; --            ; --          ; --         ;
; FITTER_EFFORT                       ; Standard Fit                          ; Auto Fit      ; --          ; --         ;
; MAX_CORE_JUNCTION_TEMP              ; 85                                    ; --            ; --          ; --         ;
; MIN_CORE_JUNCTION_TEMP              ; 0                                     ; --            ; --          ; --         ;
; MISC_FILE                           ; pll.cmp                               ; --            ; --          ; --         ;
; MISC_FILE                           ; pll.ppf                               ; --            ; --          ; --         ;
; PARTITION_COLOR                     ; 16764057                              ; --            ; Tetris      ; Top        ;
; PARTITION_FITTER_PRESERVATION_LEVEL ; PLACEMENT_AND_ROUTING                 ; --            ; Tetris      ; Top        ;
; PARTITION_NETLIST_TYPE              ; SOURCE                                ; --            ; Tetris      ; Top        ;
; POWER_BOARD_THERMAL_MODEL           ; None (CONSERVATIVE)                   ; --            ; --          ; --         ;
; POWER_PRESET_COOLING_SOLUTION       ; 23 MM HEAT SINK WITH 200 LFPM AIRFLOW ; --            ; --          ; --         ;
; SMART_RECOMPILE                     ; On                                    ; Off           ; --          ; --         ;
; TOP_LEVEL_ENTITY                    ; Tetris                                ; skeleton      ; --          ; --         ;
; VERILOG_INPUT_VERSION               ; SystemVerilog_2005                    ; Verilog_2001  ; --          ; --         ;
; VERILOG_SHOW_LMF_MAPPING_MESSAGES   ; Off                                   ; --            ; --          ; --         ;
+-------------------------------------+---------------------------------------+---------------+-------------+------------+


+-------------------------------------------------------------------------------------------------------------------------------+
; Flow Elapsed Time                                                                                                             ;
+---------------------------+--------------+-------------------------+---------------------+------------------------------------+
; Module Name               ; Elapsed Time ; Average Processors Used ; Peak Virtual Memory ; Total CPU Time (on all processors) ;
+---------------------------+--------------+-------------------------+---------------------+------------------------------------+
; Analysis & Synthesis      ; 00:10:09     ; 1.0                     ; 1201 MB             ; 00:10:18                           ;
; Fitter                    ; 00:02:47     ; 1.0                     ; 1692 MB             ; 00:04:09                           ;
; Assembler                 ; 00:00:05     ; 1.0                     ; 837 MB              ; 00:00:05                           ;
; TimeQuest Timing Analyzer ; 00:00:18     ; 1.3                     ; 1152 MB             ; 00:00:19                           ;
; Total                     ; 00:13:19     ; --                      ; --                  ; 00:14:51                           ;
+---------------------------+--------------+-------------------------+---------------------+------------------------------------+


+----------------------------------------------------------------------------------------+
; Flow OS Summary                                                                        ;
+---------------------------+------------------+-----------+------------+----------------+
; Module Name               ; Machine Hostname ; OS Name   ; OS Version ; Processor type ;
+---------------------------+------------------+-----------+------------+----------------+
; Analysis & Synthesis      ; 7B8D             ; Windows 8 ; 6.2        ; x86_64         ;
; Fitter                    ; 7B8D             ; Windows 8 ; 6.2        ; x86_64         ;
; Assembler                 ; 7B8D             ; Windows 8 ; 6.2        ; x86_64         ;
; TimeQuest Timing Analyzer ; 7B8D             ; Windows 8 ; 6.2        ; x86_64         ;
+---------------------------+------------------+-----------+------------+----------------+


------------
; Flow Log ;
------------
quartus_map --read_settings_files=on --write_settings_files=off Tetris -c skeleton
quartus_fit --read_settings_files=off --write_settings_files=off Tetris -c skeleton
quartus_asm --read_settings_files=off --write_settings_files=off Tetris -c skeleton
quartus_sta Tetris -c skeleton



