IP Upgrade report for skeleton
Tue Oct 08 16:00:29 2019
Quartus Prime Version 16.0.0 Build 211 04/27/2016 SJ Lite Edition


---------------------
; Table of Contents ;
---------------------
  1. Legal Notice
  2. IP Upgrade Summary
  3. Failed Upgrade IP Components
  4. IP Upgrade Messages



----------------
; Legal Notice ;
----------------
Copyright (C) 1991-2016 Altera Corporation. All rights reserved.
Your use of Altera Corporation's design tools, logic functions 
and other software and tools, and its AMPP partner logic 
functions, and any output files from any of the foregoing 
(including device programming or simulation files), and any 
associated documentation or information are expressly subject 
to the terms and conditions of the Altera Program License 
Subscription Agreement, the Altera Quartus Prime License Agreement,
the Altera MegaCore Function License Agreement, or other 
applicable license agreement, including, without limitation, 
that your use is for the sole purpose of programming logic 
devices manufactured by Altera and sold by Altera or its 
authorized distributors.  Please refer to the applicable 
agreement for further details.



+----------------------------------------------------------------------------+
; IP Upgrade Summary                                                         ;
+------------------------------+---------------------------------------------+
; IP Components Upgrade Status ; Failed - Tue Oct 08 16:00:29 2019           ;
; Quartus Prime Version        ; 16.0.0 Build 211 04/27/2016 SJ Lite Edition ;
; Revision Name                ; skeleton                                    ;
; Top-level Entity Name        ; skeleton                                    ;
; Family                       ; Cyclone IV E                                ;
+------------------------------+---------------------------------------------+


+------------------------------------------------------------------------------------------------------------------------------------------------+
; Failed Upgrade IP Components                                                                                                                   ;
+-------------+----------------+---------+----------------------+----------------------+-----------------+---------------------------------------+
; Entity Name ; Component Name ; Version ; Original Source File ; Generation File Path ; New Source File ; Message                               ;
+-------------+----------------+---------+----------------------+----------------------+-----------------+---------------------------------------+
; pll         ; ALTPLL         ; 13.1    ; pll.qip              ; pll.v                ;                 ; Error upgrading IP component "pll.v". ;
+-------------+----------------+---------+----------------------+----------------------+-----------------+---------------------------------------+


+---------------------+
; IP Upgrade Messages ;
+---------------------+
Info (11902): Backing up file "pll.v" to "pll.BAK.v"
Info (11837): Started upgrading IP component ALTPLL with file "pll.v"
Info (11904): Restoring file "pll.BAK.v" to "pll.v"
Error (14921): Error upgrading IP component "pll.v".
Error (11133): IP component ALTPLL with file "pll.v" upgrade failed
Error (11889): IP component upgrade failed
Error (23031): Evaluation of Tcl script c:/altera_lite/16.0/quartus/common/tcl/internal/ip_regen/ip_regen.tcl unsuccessful
Error: Quartus Prime Shell was unsuccessful. 4 errors, 0 warnings
    Error: Peak virtual memory: 1012 megabytes
    Error: Processing ended: Tue Oct 08 16:00:30 2019
    Error: Elapsed time: 00:00:46
    Error: Total CPU time (on all processors): 00:00:29


